TN:
SF:src\utils\password.ts
FN:1,(anonymous_0)
FNF:1
FNH:1
FNDA:10,(anonymous_0)
DA:1,1
DA:2,10
DA:3,9
DA:4,8
DA:6,7
DA:7,7
DA:8,7
DA:9,7
DA:11,7
DA:13,2
DA:14,1
DA:15,5
DA:17,3
DA:18,2
DA:21,2
DA:24,2
LF:16
LH:16
BRDA:2,0,0,1
BRDA:2,0,1,9
BRDA:3,1,0,1
BRDA:3,1,1,8
BRDA:4,2,0,1
BRDA:4,2,1,7
BRDA:11,3,0,2
BRDA:11,3,1,5
BRDA:13,4,0,1
BRDA:13,4,1,1
BRDA:15,5,0,3
BRDA:15,5,1,2
BRDA:15,6,0,5
BRDA:15,6,1,5
BRDA:17,7,0,1
BRDA:17,7,1,2
BRDA:17,8,0,3
BRDA:17,8,1,2
BRDA:17,8,2,2
BRDA:18,9,0,1
BRDA:18,9,1,1
BRDA:21,10,0,1
BRDA:21,10,1,1
BRDA:21,11,0,2
BRDA:21,11,1,1
BRF:25
BRH:25
end_of_record
TN:
SF:src\utils\shipping.ts
FN:44,calculateShipping
FNF:1
FNH:1
FNDA:16,calculateShipping
DA:44,1
DA:50,16
DA:51,1
DA:54,15
DA:55,3
DA:59,12
DA:61,12
DA:62,7
DA:63,5
DA:64,3
DA:66,2
DA:70,12
DA:71,5
DA:75,12
DA:76,3
DA:79,12
LF:16
LH:16
BRDA:50,0,0,1
BRDA:50,0,1,15
BRDA:54,1,0,3
BRDA:54,1,1,12
BRDA:54,2,0,15
BRDA:54,2,1,13
BRDA:61,3,0,7
BRDA:61,3,1,5
BRDA:63,4,0,3
BRDA:63,4,1,2
BRDA:70,5,0,5
BRDA:70,5,1,7
BRDA:75,6,0,3
BRDA:75,6,1,9
BRF:14
BRH:14
end_of_record
TN:
SF:src\utils\userValidator.ts
FN:1,validateUserRegistration
FNF:1
FNH:1
FNDA:9,validateUserRegistration
DA:1,1
DA:2,9
DA:3,1
DA:5,8
DA:6,1
DA:8,7
DA:9,1
DA:12,6
DA:13,6
DA:14,1
DA:17,5
DA:18,2
DA:20,3
LF:13
LH:13
BRDA:2,0,0,1
BRDA:2,0,1,8
BRDA:2,1,0,9
BRDA:2,1,1,8
BRDA:5,2,0,1
BRDA:5,2,1,7
BRDA:5,3,0,8
BRDA:5,3,1,2
BRDA:8,4,0,1
BRDA:8,4,1,6
BRDA:13,5,0,1
BRDA:13,5,1,5
BRDA:17,6,0,2
BRDA:17,6,1,3
BRDA:17,7,0,5
BRDA:17,7,1,4
BRF:16
BRH:16
end_of_record
